  Character.cpp
  Duelists.cpp
C:\Users\mossy\Documents\Vertex\Duelists\Duelists\Duelists.cpp(152,74): warning C4267: 'argument': conversion from 'size_t' to '_Ty', possible loss of data
          with
          [
              _Ty=int
          ]
C:\Users\mossy\Documents\Vertex\Duelists\Duelists\Duelists.cpp(153,81): warning C4267: 'argument': conversion from 'size_t' to '_Ty', possible loss of data
          with
          [
              _Ty=int
          ]
C:\Users\mossy\Documents\Vertex\Duelists\Duelists\Duelists.cpp(154,45): warning C4244: 'argument': conversion from 'double' to '_Ty', possible loss of data
          with
          [
              _Ty=int
          ]
C:\Users\mossy\Documents\Vertex\Duelists\Duelists\Duelists.cpp(155,44): warning C4244: 'argument': conversion from 'double' to '_Ty', possible loss of data
          with
          [
              _Ty=int
          ]
C:\Users\mossy\Documents\Vertex\Duelists\Duelists\Duelists.cpp(156,45): warning C4244: 'argument': conversion from 'double' to '_Ty', possible loss of data
          with
          [
              _Ty=int
          ]
C:\Users\mossy\Documents\Vertex\Duelists\Duelists\Duelists.cpp(157,46): warning C4244: 'argument': conversion from 'double' to '_Ty', possible loss of data
          with
          [
              _Ty=int
          ]
C:\Users\mossy\Documents\Vertex\Duelists\Duelists\Duelists.cpp(161,26): warning C4244: 'initializing': conversion from 'int' to 'float', possible loss of data
C:\Users\mossy\Documents\Vertex\Duelists\Duelists\Duelists.cpp(162,27): warning C4244: 'initializing': conversion from 'int' to 'float', possible loss of data
C:\Users\mossy\Documents\Vertex\Duelists\Duelists\Duelists.cpp(163,26): warning C4244: 'initializing': conversion from 'int' to 'float', possible loss of data
C:\Users\mossy\Documents\Vertex\Duelists\Duelists\Duelists.cpp(164,28): warning C4244: 'initializing': conversion from 'int' to 'float', possible loss of data
  Player.cpp
C:\Users\mossy\Documents\Vertex\Duelists\Duelists\Player.cpp(32,19): warning C4244: 'initializing': conversion from 'float' to 'int', possible loss of data
C:\Users\mossy\Documents\Vertex\Duelists\Duelists\Player.cpp(33,24): warning C4244: 'initializing': conversion from 'float' to 'int', possible loss of data
C:\Users\mossy\Documents\Vertex\Duelists\Duelists\Player.cpp(34,20): warning C4244: 'initializing': conversion from 'float' to 'int', possible loss of data
C:\Users\mossy\Documents\Vertex\Duelists\Duelists\Player.cpp(35,18): warning C4244: 'initializing': conversion from 'float' to 'int', possible loss of data
  Generating code
  3 of 339 functions ( 0.9%) were compiled, the rest were copied from previous compilation.
    0 functions were new in current compilation
    0 functions had inline decision re-evaluated but remain unchanged
  Finished generating code
  Duelists.vcxproj -> C:\Users\mossy\Documents\Vertex\Duelists\x64\Release\Duelists.exe
